2026-02-24 19:22:18 [INFO] tor_calculator: Found static UI export: C:\Users\User\Documents\projects_triazov\tor-calculator\ui\out\index.html
2026-02-24 19:22:18 [INFO] tor_calculator: Static UI server started at http://127.0.0.1:57360/ (dir=C:\Users\User\Documents\projects_triazov\tor-calculator\ui\out)
2026-02-24 19:22:19 [INFO] tor_calculator: [static] "GET /?torcalc_desktop=1 HTTP/1.1" 200 -
2026-02-24 19:22:19 [INFO] tor_calculator: [static] "GET /_next/static/chunks/2086bee67971a1d6.css HTTP/1.1" 200 -
2026-02-24 19:22:19 [INFO] tor_calculator: [static] "GET /_next/static/media/44fac91e6f2d2b1b-s.p.0a39a854.woff2 HTTP/1.1" 200 -
2026-02-24 19:22:19 [INFO] tor_calculator: [static] "GET /_next/static/media/e8f2fbee2754df70-s.p.9b7a96b4.woff2 HTTP/1.1" 200 -
2026-02-24 19:22:19 [INFO] tor_calculator: [static] "GET /_next/static/chunks/ad8a81611eea541d.css HTTP/1.1" 200 -
2026-02-24 19:22:19 [INFO] tor_calculator: [static] "GET /_next/static/chunks/112f346e31f991df.js HTTP/1.1" 200 -
2026-02-24 19:22:19 [INFO] tor_calculator: [static] "GET /_next/static/chunks/4ee6091cb6e16beb.js HTTP/1.1" 200 -
2026-02-24 19:22:19 [INFO] tor_calculator: [static] "GET /_next/static/chunks/60f83ec12795e618.js HTTP/1.1" 200 -
2026-02-24 19:22:19 [INFO] tor_calculator: [static] "GET /_next/static/chunks/turbopack-55a034e73a7fd4af.js HTTP/1.1" 200 -
2026-02-24 19:22:19 [INFO] tor_calculator: [static] "GET /_next/static/chunks/0c6932420e96e619.js HTTP/1.1" 200 -
2026-02-24 19:22:19 [INFO] tor_calculator: [static] "GET /_next/static/chunks/9dacc5c77d9d11fc.js HTTP/1.1" 200 -
2026-02-24 19:22:19 [INFO] tor_calculator: [static] "GET /_next/static/chunks/42879de7b8087bc9.js HTTP/1.1" 200 -
2026-02-24 19:22:19 [INFO] tor_calculator: [static] "GET /_next/static/chunks/a6a5532e2fb6e099.js HTTP/1.1" 200 -
2026-02-24 19:22:19 [INFO] tor_calculator: [static] code 404, message File not found
2026-02-24 19:22:19 [INFO] tor_calculator: [static] "GET /favicon.ico HTTP/1.1" 404 -
2026-02-24 19:22:19 [INFO] tor_calculator: [static] code 404, message File not found
2026-02-24 19:22:19 [INFO] tor_calculator: [static] "GET /_vercel/insights/script.js HTTP/1.1" 404 -
2026-02-24 19:22:22 [INFO] tor_calculator: [static] "GET /_next/static/media/a88409fdd7dc121c-s.62b55a98.woff2 HTTP/1.1" 200 -
